T6BFC 000:000.301   SEGGER J-Link V7.84d Log File
T6BFC 000:000.382   DLL Compiled: Jan 25 2023 15:51:00
T6BFC 000:000.386   Logging started @ 2024-09-21 03:17
T6BFC 000:000.390 - 0.392ms
T6BFC 000:000.398 JLINK_GetDLLVersion()
T6BFC 000:000.402 - 0.005ms returns 78404
T6BFC 000:000.782 JLINK_OpenEx(...)
T6BFC 000:004.741   Firmware: J-Link OB RX621-ARM-SWD V1 compiled Mar  8 2017 13:46:30
T6BFC 000:005.009   Firmware: J-Link OB RX621-ARM-SWD V1 compiled Mar  8 2017 13:46:30
T6BFC 000:005.163   Decompressing FW timestamp took 124 us
T6BFC 000:006.837   Hardware: V2.10
T6BFC 000:006.855   S/N: 708003074
T6BFC 000:006.861   OEM: SEGGER
T6BFC 000:006.866   Feature(s): None
T6BFC 000:007.758   TELNET listener socket opened on port 19021
T6BFC 000:007.853   WEBSRV WEBSRV_Init(): Starting webserver thread(s)
T6BFC 000:007.970   WEBSRV Webserver running on local port 19080
T6BFC 000:015.716 - 14.948ms returns "O.K."
T6BFC 000:015.793 JLINK_ExecCommand("ProjectFile=D:\Documents\File_code\RENESAS\TimerBaseUnit/TimerBaseUnit Debug.jlink", ...). 
T6BFC 000:024.285 - 8.504ms returns 0x00
T6BFC 000:024.553 JLINK_ExecCommand("device=R7FS7G27H", ...). 
T6BFC 000:027.364   Device "R7FS7G27H" selected.
T6BFC 000:027.578 - 3.022ms returns 0x00
T6BFC 000:027.606 JLINK_ExecCommand("SetCPUConnectIDCODE = FFFFFFFFFFFFFFFFFFFFFFFFFFFFFFFF", ...). 
T6BFC 000:027.613 - 0.004ms returns 0x00
T6BFC 000:027.618 JLINK_TIF_GetAvailable(...)
T6BFC 000:027.769 - 0.155ms
T6BFC 000:027.776 JLINK_TIF_Select(JLINKARM_TIF_SWD)
T6BFC 000:028.246 - 0.476ms returns 0x00
T6BFC 000:028.258 JLINK_SetSpeed(4000)
T6BFC 000:028.319 - 0.063ms
T6BFC 000:028.325 JLINK_SetEndian(ARM_ENDIAN_LITTLE)
T6BFC 000:028.328 - 0.004ms returns 0
T6BFC 000:028.333 JLINK_SetInitRegsOnReset(OFF)
T6BFC 000:028.336 - 0.004ms returns 1
T6BFC 000:028.340 JLINK_SetResetType(JLINKARM_RESET_TYPE_NO_RESET)
T6BFC 000:028.343 - 0.004ms returns JLINKARM_RESET_TYPE_NORMAL
T6BFC 000:028.349 JLINK_ExecCommand("EnableFlashBPs", ...). 
T6BFC 000:028.354 - 0.002ms returns 0x00
T6BFC 000:028.358 JLINK_ExecCommand("SetAllowFlashCache = 1", ...). 
T6BFC 000:028.363 - 0.002ms returns 0x01
T6BFC 000:028.367 JLINK_ExecCommand("SetRestartOnClose = 0", ...). 
T6BFC 000:028.372 - 0.002ms returns 0x01
T6BFC 000:028.376 JLINK_EnableSoftBPs(ON)
T6BFC 000:028.380 - 0.005ms
T6BFC 000:028.384 JLINK_Connect()
T6BFC 000:028.513   InitTarget() start
T6BFC 000:028.519    J-Link Script File: Executing InitTarget()
T6BFC 000:028.526   Identifying target device...
T6BFC 000:028.531   SWD selected. Executing JTAG -> SWD switching sequence...
T6BFC 000:029.379   Initializing DAP...
T6BFC 000:032.296   Low power mode detected. Waking device from low power mode.
T6BFC 000:034.848   InitTarget() end
T6BFC 000:035.207   Found SW-DP with ID 0x5BA02477
T6BFC 000:037.294   Old FW that does not support reading DPIDR via DAP jobs
T6BFC 000:039.407   DPv0 detected
T6BFC 000:039.415   CoreSight SoC-400 or earlier
T6BFC 000:039.420   Scanning AP map to find all available APs
T6BFC 000:041.515   AP[2]: Stopped AP scan as end of AP map has been reached
T6BFC 000:041.522   AP[0]: AHB-AP (IDR: 0x24770011)
T6BFC 000:041.526   AP[1]: APB-AP (IDR: 0x44770002)
T6BFC 000:041.530   Iterating through AP map to find AHB-AP to use
T6BFC 000:043.913   AP[0]: Core found
T6BFC 000:043.917   AP[0]: AHB-AP ROM base: 0xE00FF000
T6BFC 000:045.265   CPUID register: 0x410FC241. Implementer code: 0x41 (ARM)
T6BFC 000:045.271   Found Cortex-M4 r0p1, Little endian.
T6BFC 000:045.536   -- Max. mem block: 0x0000E9C8
T6BFC 000:045.623   CPU_ReadMem(4 bytes @ 0xE000EDF0)
T6BFC 000:045.941   CPU_ReadMem(4 bytes @ 0xE0002000)
T6BFC 000:046.216   FPUnit: 6 code (BP) slots and 2 literal slots
T6BFC 000:046.222   CPU_ReadMem(4 bytes @ 0xE000EDFC)
T6BFC 000:046.446   CPU_ReadMem(4 bytes @ 0xE0001000)
T6BFC 000:046.670   CPU_WriteMem(4 bytes @ 0xE0001000)
T6BFC 000:046.888   CPU_ReadMem(4 bytes @ 0xE000ED88)
T6BFC 000:047.110   CPU_WriteMem(4 bytes @ 0xE000ED88)
T6BFC 000:047.362   CPU_ReadMem(4 bytes @ 0xE000ED88)
T6BFC 000:047.612   CPU_WriteMem(4 bytes @ 0xE000ED88)
T6BFC 000:047.833   CoreSight components:
T6BFC 000:047.839   ROMTbl[0] @ E00FF000
T6BFC 000:047.843   CPU_ReadMem(64 bytes @ 0xE00FF000)
T6BFC 000:048.540   CPU_ReadMem(32 bytes @ 0xE000EFE0)
T6BFC 000:049.022   [0][0]: E000E000 CID B105E00D PID 000BB00C SCS-M7
T6BFC 000:049.027   CPU_ReadMem(32 bytes @ 0xE0001FE0)
T6BFC 000:049.506   [0][1]: E0001000 CID B105E00D PID 003BB002 DWT
T6BFC 000:049.511   CPU_ReadMem(32 bytes @ 0xE0002FE0)
T6BFC 000:049.930   [0][2]: E0002000 CID B105E00D PID 002BB003 FPB
T6BFC 000:049.935   CPU_ReadMem(32 bytes @ 0xE0000FE0)
T6BFC 000:050.426   [0][3]: E0000000 CID B105E00D PID 003BB001 ITM
T6BFC 000:050.430   CPU_ReadMem(32 bytes @ 0xE0040FE0)
T6BFC 000:050.903   [0][4]: E0040000 CID B105900D PID 000BB9A1 TPIU
T6BFC 000:050.912   CPU_ReadMem(32 bytes @ 0xE0041FE0)
T6BFC 000:051.385   [0][5]: E0041000 CID B105900D PID 000BB925 ETM
T6BFC 000:051.394   CPU_ReadMem(32 bytes @ 0xE0042FE0)
T6BFC 000:051.877   [0][6]: E0042000 CID B105900D PID 002BB908 CSTF
T6BFC 000:051.882   CPU_ReadMem(32 bytes @ 0xE0043FE0)
T6BFC 000:052.354   [0][7]: E0043000 CID B105900D PID 001BB961 TMC
T6BFC 000:052.358   CPU_ReadMem(32 bytes @ 0xE0044FE0)
T6BFC 000:052.861   [0][8]: E0044000 CID B105F00D PID 001BB101 TSG
T6BFC 000:052.880 - 24.498ms returns 0x00
T6BFC 000:052.889 JLINK_Halt()
T6BFC 000:055.479 - 2.593ms returns 0x00
T6BFC 000:055.488 JLINK_IsHalted()
T6BFC 000:055.493 - 0.006ms returns TRUE
T6BFC 000:055.497 JLINK_ResetPullsRESET(ON)
T6BFC 000:055.500 - 0.004ms
T6BFC 000:055.503 JLINK_Reset()
T6BFC 000:055.517   CPU_WriteMem(4 bytes @ 0xE000EDF0)
T6BFC 000:055.859   CPU_WriteMem(4 bytes @ 0xE000EDFC)
T6BFC 000:056.079   Reset: Halt core after reset via DEMCR.VC_CORERESET.
T6BFC 000:056.371   Reset: Reset device via AIRCR.SYSRESETREQ.
T6BFC 000:056.376   CPU_WriteMem(4 bytes @ 0xE000ED0C)
T6BFC 000:110.012   CPU_ReadMem(4 bytes @ 0xE000EDF0)
T6BFC 000:110.557   CPU_ReadMem(4 bytes @ 0xE000EDF0)
T6BFC 000:111.161   CPU_WriteMem(4 bytes @ 0xE000EDFC)
T6BFC 000:117.278   CPU_ReadMem(4 bytes @ 0xE000EDF0)
T6BFC 000:120.608   CPU_WriteMem(4 bytes @ 0xE0002000)
T6BFC 000:121.046   CPU_ReadMem(4 bytes @ 0xE000EDFC)
T6BFC 000:121.497   CPU_ReadMem(4 bytes @ 0xE0001000)
T6BFC 000:122.008 - 66.518ms
T6BFC 000:122.091 JLINK_ReadMemEx(0x407FB19C, 0x8 Bytes, Flags = 0x00000004)
T6BFC 000:122.113   CPU_ReadMem(8 bytes @ 0x407FB19C)
T6BFC 000:122.577   Data:  00 80 00 01 00 00 00 00
T6BFC 000:122.590 - 0.502ms returns 8 (0x8)
T6BFC 000:122.616 JLINK_ReadMem(0x01008024, 0x10 Bytes, ...)
T6BFC 000:122.630   CPU_ReadMem(16 bytes @ 0x01008024)
T6BFC 000:123.021   Data:  52 37 46 53 37 47 32 37 48 33 41 30 31 43 46 43
T6BFC 000:123.031 - 0.416ms returns 0
T6BFC 000:123.041 JLINK_IsHalted()
T6BFC 000:123.044 - 0.005ms returns TRUE
T6BFC 000:123.272 JLINK_MeasureCPUSpeed(RAMAddr = 0xFFFFFFFF)
T6BFC 000:123.280   CPU_ReadMem(16 bytes @ 0x1FFE0000)
T6BFC 000:123.685   CPU_ReadMem(64 bytes @ 0x1FFE0000)
T6BFC 000:124.347    -- Updating C cache (64 bytes @ 0x1FFE0000)
T6BFC 000:124.353    -- Read from C cache (6 bytes @ 0x1FFE0000)
T6BFC 000:124.358   CPU_ReadMem(4 bytes @ 0xE000ED90)
T6BFC 000:124.618   CPU_ReadMem(4 bytes @ 0xE000ED94)
T6BFC 000:124.908   CPU_WriteMem(16 bytes @ 0x1FFE0000)
T6BFC 000:125.364   CPU_WriteMem(6 bytes @ 0x1FFE0000)
T6BFC 000:125.768   CPU_ReadMem(64 bytes @ 0x1FFE0000)
T6BFC 000:126.456    -- Updating C cache (64 bytes @ 0x1FFE0000)
T6BFC 000:126.462    -- Read from C cache (6 bytes @ 0x1FFE0000)
T6BFC 000:126.471   CPU_WriteMem(4 bytes @ 0xE0002008)
T6BFC 000:126.476   CPU_WriteMem(4 bytes @ 0xE000200C)
T6BFC 000:126.480   CPU_WriteMem(4 bytes @ 0xE0002010)
T6BFC 000:126.484   CPU_WriteMem(4 bytes @ 0xE0002014)
T6BFC 000:126.489   CPU_WriteMem(4 bytes @ 0xE0002018)
T6BFC 000:126.493   CPU_WriteMem(4 bytes @ 0xE000201C)
T6BFC 000:132.515   CPU_WriteMem(4 bytes @ 0xE0002008)
T6BFC 000:132.812   CPU_WriteMem(4 bytes @ 0xE000200C)
T6BFC 000:133.207   CPU_WriteMem(4 bytes @ 0xE0002010)
T6BFC 000:133.623   CPU_WriteMem(4 bytes @ 0xE0002014)
T6BFC 000:134.049   CPU_WriteMem(4 bytes @ 0xE0002018)
T6BFC 000:134.412   CPU_WriteMem(4 bytes @ 0xE000201C)
T6BFC 000:160.237   CPU_WriteMem(6 bytes @ 0x1FFE0000)
T6BFC 000:160.581   ClockFreq: 2002800 Hz
T6BFC 000:160.586 - 37.315ms returns 2002800
T6BFC 000:160.602 JLINK_ReadReg(XPSR)
T6BFC 000:160.607 - 0.007ms returns 0x01000000
T5F74 000:209.577 JLINK_ReadReg(XPSR)
T5F74 000:209.600 - 0.025ms returns 0x01000000
T5F74 000:241.042 JLINK_ReadReg(XPSR)
T5F74 000:241.068 - 0.027ms returns 0x01000000
T5F74 000:446.538 JLINK_BeginDownload(Flags = 0x00000000)
T5F74 000:446.565 - 0.028ms
T5F74 000:463.503 JLINK_WriteMem(0x00000000, 0xBD0 Bytes, ...)
T5F74 000:463.521   Data:  70 1A FE 1F 3D 32 00 00 09 2D 00 00 39 32 00 00 ...
T5F74 000:463.739   completely In flash
T5F74 000:463.749 - 0.248ms returns 0xBD0
T5F74 000:464.007 JLINK_WriteMem(0x00000BD0, 0xBB0 Bytes, ...)
T5F74 000:464.013   Data:  14 59 82 B2 00 EA 14 40 82 42 14 BF 00 20 00 20 ...
T5F74 000:464.021   completely In flash
T5F74 000:464.025 - 0.020ms returns 0xBB0
T5F74 000:464.197 JLINK_WriteMem(0x00001780, 0xBC0 Bytes, ...)
T5F74 000:464.209   Data:  20 2B 02 D0 00 23 8B 61 70 47 90 F8 2B 30 2C 4A ...
T5F74 000:464.222   completely In flash
T5F74 000:464.227 - 0.031ms returns 0xBC0
T5F74 000:464.367 JLINK_WriteMem(0x00002340, 0xBD0 Bytes, ...)
T5F74 000:464.373   Data:  03 F0 07 03 06 EB 83 06 C2 F3 02 62 73 68 01 21 ...
T5F74 000:464.388   completely In flash
T5F74 000:464.392 - 0.027ms returns 0xBD0
T5F74 000:464.530 JLINK_WriteMem(0x00002F10, 0xBB0 Bytes, ...)
T5F74 000:464.535   Data:  00 03 13 60 81 F3 10 88 00 20 10 BD 01 24 2B 2A ...
T5F74 000:464.547   completely In flash
T5F74 000:464.552 - 0.023ms returns 0xBB0
T5F74 000:464.688 JLINK_WriteMem(0x00003AC0, 0xBA0 Bytes, ...)
T5F74 000:464.695   Data:  B3 FB F8 F0 08 FB 10 33 44 EA 03 44 00 FB 07 F7 ...
T5F74 000:464.702   completely In flash
T5F74 000:464.707 - 0.020ms returns 0xBA0
T5F74 000:464.895 JLINK_WriteMem(0x00004660, 0xB90 Bytes, ...)
T5F74 000:464.904   Data:  01 D1 AC 68 CF E7 09 4B 9C 42 08 BF EC 68 CA E7 ...
T5F74 000:464.938   completely In flash
T5F74 000:464.943 - 0.049ms returns 0xB90
T5F74 000:465.143 JLINK_WriteMem(0x000051F0, 0xBE0 Bytes, ...)
T5F74 000:465.159   Data:  4F F0 FF 34 20 46 03 B0 BD E8 F0 83 04 22 0D EB ...
T5F74 000:465.167   completely In flash
T5F74 000:465.172 - 0.030ms returns 0xBE0
T5F74 000:465.293 JLINK_WriteMem(0x00005DD0, 0x190 Bytes, ...)
T5F74 000:465.298   Data:  FF FF FF FF FF FF FF FF 72 5A BC 9E 04 00 FE 1F ...
T5F74 000:465.303   completely In flash
T5F74 000:465.307 - 0.015ms returns 0x190
T5F74 000:465.474 JLINK_WriteMem(0x00005F60, 0x8 Bytes, ...)
T5F74 000:465.487   Data:  F8 DA FF 7F 01 00 00 00
T5F74 000:465.493   completely In flash
T5F74 000:465.497 - 0.025ms returns 0x8
T5F74 000:465.676 JLINK_WriteMem(0x00005F68, 0xE0 Bytes, ...)
T5F74 000:465.682   Data:  04 00 FE 1F 00 00 00 00 04 5F 00 00 24 5F 00 00 ...
T5F74 000:465.687   completely In flash
T5F74 000:465.692 - 0.017ms returns 0xE0
T5F74 000:465.825 JLINK_WriteMem(0x40120050, 0x10 Bytes, ...)
T5F74 000:465.832   Data:  FF FF FF FF FF FF FF FF FF FF FF FF FF FF FF FF
T5F74 000:466.140   completely In flash
T5F74 000:466.148 - 0.324ms returns 0x10
T5F74 000:478.275 JLINK_EndDownload()
T5F74 000:478.548   CPU_ReadMem(4 bytes @ 0xE000ED90)
T5F74 000:478.917   CPU_ReadMem(4 bytes @ 0xE000ED94)
T5F74 000:479.336    -- --------------------------------------
T5F74 000:479.353   Flash bank @ 0x00000000: Default: L2 verify disabled because algorithm performs L1 verify
T5F74 000:479.360    -- Start of determining dirty areas in flash cache
T5F74 000:479.370    -- Filling invalid ranges in sector buffer (flash cache) for sector @ 0x00000000 if necessary
T5F74 000:479.376    -- Filling invalid ranges in sector buffer (flash cache) for sector @ 0x00002000 if necessary
T5F74 000:479.383    -- Filling invalid ranges in sector buffer (flash cache) for sector @ 0x00004000 if necessary
T5F74 000:479.394    -- Filling invalid ranges in sector buffer (flash cache) for sector @ 0x00006000 if necessary
T5F74 000:479.736    -- End of determining dirty areas
T5F74 000:479.741    -- Start of preparing flash programming
T5F74 000:479.748    -- Calculating RAM usage
T5F74 000:479.813    -- RAM usage = 4596 Bytes
T5F74 000:479.818    -- Preserving CPU registers
T5F74 000:479.835    -- Determining CPU clock frequency
T5F74 000:514.785    -- Preparing target
T5F74 000:515.470    -- Preserving target RAM temporarily used for programming
T5F74 000:542.595    -- Downloading RAMCode
T5F74 000:565.646    -- Preparing RAMCode
T5F74 000:571.522    -- Checking target RAM
T5F74 000:572.263    -- CPU frequency = 120000 kHz
T5F74 000:572.269    -- End of preparing flash programming
T5F74 000:572.399   Looking for J-Link GUI Server exe at: C:\Users\minhd\.eclipse\com.renesas.platform_510646852\DebugComp\Synergy\ARM\Segger\JLinkGUIServer.exe
T5F74 000:572.471   Looking for J-Link GUI Server exe at: \JLinkGUIServer.exe
T5F74 000:872.436   Failed to connect to J-Link GUI Server.
T5F74 000:883.115    -- CPU is running at 120000 kHz.
T5F74 000:883.145    -- Start of comparing flash
T5F74 000:883.153    -- CRC check was estimated as fastest method
T5F74 000:883.164    -- Comparing range 0x0000 - 0x7FFF (4 Sectors, 32 KB), using multi-block CRC calculation
T5F74 000:890.708    -- All CRCs match
T5F74 000:890.733    -- Comparing range 0x0000 - 0x7FFF (4 Sectors, 32 KB), using alternative multi-block CRC calculation
T5F74 000:898.523    -- All CRCs match
T5F74 000:898.549    -- End of comparing flash
T5F74 000:898.555    -- Start of erasing sectors
T5F74 000:898.560    -- End of erasing sectors
T5F74 000:898.564    -- Start of flash programming
T5F74 000:898.569    -- End of flash programming
T5F74 000:898.573    -- Start of restoring
T5F74 000:898.578    -- Restoring RAMCode
T5F74 000:902.026    -- Restoring target memory
T5F74 000:922.301    -- Restore target
T5F74 000:922.322    -- Restoring CPU registers
T5F74 000:922.337    -- End of restoring
T5F74 000:922.343    -- Bank 0 @ 0x00000000: Skipped. Contents already match
T5F74 000:922.349    -- Bank 0 @ 0x00000000: Skipped. Contents already match
T5F74 000:923.621    -- --------------------------------------
T5F74 000:923.640   Flash bank @ 0x40120040: Default: L2 verify disabled because algorithm performs L1 verify
T5F74 000:923.645    -- Start of determining dirty areas in flash cache
T5F74 000:923.653    -- Filling invalid ranges in sector buffer (flash cache) for sector @ 0x40120040 if necessary
T5F74 000:923.661    -- End of determining dirty areas
T5F74 000:923.670    -- Start of preparing flash programming
T5F74 000:923.676    -- Calculating RAM usage
T5F74 000:923.694    -- RAM usage = 3668 Bytes
T5F74 000:923.700    -- Preserving CPU registers
T5F74 000:923.717    -- Determining CPU clock frequency
T5F74 000:958.215    -- Preparing target
T5F74 000:958.697    -- Preserving target RAM temporarily used for programming
T5F74 000:980.493    -- Downloading RAMCode
T5F74 001:003.888    -- Preparing RAMCode
T5F74 001:010.458    -- Checking target RAM
T5F74 001:011.357    -- CPU frequency = 120000 kHz
T5F74 001:011.401    -- End of preparing flash programming
T5F74 001:018.675    -- CPU is running at 120000 kHz.
T5F74 001:018.700    -- Start of comparing flash
T5F74 001:018.706    -- CRC check was estimated as fastest method
T5F74 001:018.717    -- Comparing range 0x40120040 - 0x4012006F (1 Sector, 48 Bytes), using multi-block CRC calculation
T5F74 001:020.229    -- All CRCs match
T5F74 001:020.245    -- Comparing range 0x40120040 - 0x4012006F (1 Sector, 48 Bytes), using alternative multi-block CRC calculation
T5F74 001:021.529    -- All CRCs match
T5F74 001:021.548    -- End of comparing flash
T5F74 001:021.556    -- Start of erasing sectors
T5F74 001:021.563    -- End of erasing sectors
T5F74 001:021.567    -- Start of flash programming
T5F74 001:021.572    -- End of flash programming
T5F74 001:021.576    -- Start of restoring
T5F74 001:021.621    -- Restoring RAMCode
T5F74 001:025.093    -- Restoring target memory
T5F74 001:041.292    -- Restore target
T5F74 001:041.319    -- Restoring CPU registers
T5F74 001:041.338    -- End of restoring
T5F74 001:041.346    -- Bank 2 @ 0x40120040: Skipped. Contents already match
T5F74 001:041.353    -- Bank 2 @ 0x40120040: Skipped. Contents already match
T5F74 001:048.109 - 569.858ms returns 0 (0x0)
T5F74 001:048.557 JLINK_WriteReg(R15 (PC), 0x0000323C)
T5F74 001:048.571 - 0.015ms returns 0
T5F74 001:048.576 JLINK_WriteReg(XPSR, 0x01000000)
T5F74 001:048.580 - 0.005ms returns 0
T5F74 001:048.588 JLINK_SetEndian(ARM_ENDIAN_LITTLE)
T5F74 001:048.591 - 0.004ms returns 0
T5F74 001:048.967 JLINK_ResetPullsRESET(ON)
T5F74 001:048.979 - 0.013ms
T5F74 001:048.984 JLINK_Halt()
T5F74 001:048.989 - 0.007ms returns 0x00
T5F74 001:048.995 JLINK_IsHalted()
T5F74 001:049.000 - 0.006ms returns TRUE
T5F74 001:049.005 JLINK_Reset()
T5F74 001:049.020   CPU_WriteMem(4 bytes @ 0xE000EDF0)
T5F74 001:049.387   CPU_WriteMem(4 bytes @ 0xE000EDFC)
T5F74 001:049.678   Reset: Halt core after reset via DEMCR.VC_CORERESET.
T5F74 001:050.038   Reset: Reset device via AIRCR.SYSRESETREQ.
T5F74 001:050.046   CPU_WriteMem(4 bytes @ 0xE000ED0C)
T5F74 001:103.721   CPU_ReadMem(4 bytes @ 0xE000EDF0)
T5F74 001:104.336   CPU_ReadMem(4 bytes @ 0xE000EDF0)
T5F74 001:104.860   CPU_WriteMem(4 bytes @ 0xE000EDFC)
T5F74 001:110.461   CPU_ReadMem(4 bytes @ 0xE000EDF0)
T5F74 001:114.022   CPU_WriteMem(4 bytes @ 0xE0002000)
T5F74 001:114.393   CPU_ReadMem(4 bytes @ 0xE000EDFC)
T5F74 001:114.662   CPU_ReadMem(4 bytes @ 0xE0001000)
T5F74 001:115.022 - 66.021ms
T5F74 001:115.055 JLINK_SetEndian(ARM_ENDIAN_LITTLE)
T5F74 001:115.058 - 0.021ms returns 0
T5F74 001:131.637 JLINK_ReadMem(0x0000323C, 0x4 Bytes, ...)
T5F74 001:131.667    -- Read from flash cache (4 bytes @ 0x0000323C)
T5F74 001:131.678   Data:  08 B5 00 F0
T5F74 001:131.702 - 0.067ms returns 0
T5F74 001:146.342 JLINK_ReadReg(XPSR)
T5F74 001:146.369 - 0.029ms returns 0x01000000
T5F74 001:427.994 JLINK_GetNumBPUnits(Type = 0xFFFFFF00)
T5F74 001:428.014 - 0.022ms returns 0x06
T5F74 001:428.019 JLINK_GetNumWPUnits()
T5F74 001:428.022 - 0.004ms returns 4
T5F74 001:428.025 JLINK_GetNumWPUnits()
T5F74 001:428.028 - 0.004ms returns 4
T5F74 001:428.036 JLINK_GetNumBPUnits(Type = 0xFFFFFF00)
T5F74 001:428.039 - 0.004ms returns 0x06
T5F74 001:428.043 JLINK_GetNumWPUnits()
T5F74 001:428.046 - 0.004ms returns 4
T5F74 001:428.049 JLINK_GetNumWPUnits()
T5F74 001:428.052 - 0.004ms returns 4
T5F74 001:428.059 JLINK_GetNumBPUnits(Type = 0xFFFFFF00)
T5F74 001:428.062 - 0.004ms returns 0x06
T5F74 001:428.065 JLINK_GetNumWPUnits()
T5F74 001:428.068 - 0.004ms returns 4
T5F74 001:428.071 JLINK_GetNumWPUnits()
T5F74 001:428.074 - 0.004ms returns 4
T5F74 001:428.102 JLINK_SetBPEx(Addr = 0x000035B8, Type = 0xFFFFFF00)
T5F74 001:428.110 - 0.009ms returns 0x00000001
T5F74 001:428.116 JLINK_ClrBPEx(BPHandle = 0x00000001)
T5F74 001:428.120 - 0.005ms returns 0x00
T5F74 001:443.805 JLINK_SetBPEx(Addr = 0x000035B8, Type = 0xFFFFFF00)
T5F74 001:443.835 - 0.032ms returns 0x00000002
T5F74 001:552.597 JLINK_ReadRegs(NumRegs = 20, Indexes: 0, 1, 2, 3, 4, 5, 6, 7, 8, 9, 10, 11, 12, 13, 14, 15, 16, 17, 18, 20)
T5F74 001:552.631    -- R0=0x1FFE0964, R1=0xFFFFFFFF, R2=0x00, R3=0x4001E0A0, R4=0x1FFE0964, R5=0x1FFE09BC, R6=0x1FFE09BC, R7=0x1FFE01B8, R8=0x3938700, R9=0x1FBE, R10=0xFA9, R11=0x00, R12=0x1FFE08E8, R13 (SP)=0x1FFE1A70, R14=0xFFFFFFFF, R15 (PC)=0x323C, XPSR=0x1000000, MSP=0x1FFE1A70, PSP=0x1FFE2368, CFBP=0x00
T5F74 001:552.637 - 0.041ms returns 0x00
T5F74 001:552.753 JLINK_ReadMem(0x0000323C, 0x4 Bytes, ...)
T5F74 001:552.771    -- Read from flash cache (4 bytes @ 0x0000323C)
T5F74 001:552.778   Data:  08 B5 00 F0
T5F74 001:552.784 - 0.033ms returns 0
T62A0 001:568.800 JLINK_GetNumBPUnits(Type = 0xFFFFFF00)
T62A0 001:568.821 - 0.022ms returns 0x06
T62A0 001:568.825 JLINK_GetNumWPUnits()
T62A0 001:568.828 - 0.004ms returns 4
T62A0 001:568.836 JLINK_GetNumWPUnits()
T62A0 001:568.841 - 0.006ms returns 4
T62A0 001:568.937 JLINK_GetNumBPUnits(Type = 0xFFFFFF00)
T62A0 001:568.942 - 0.006ms returns 0x06
T62A0 001:568.945 JLINK_GetNumWPUnits()
T62A0 001:568.948 - 0.004ms returns 4
T62A0 001:568.952 JLINK_GetNumWPUnits()
T62A0 001:568.955 - 0.004ms returns 4
T62A0 001:569.046 JLINK_GetNumBPUnits(Type = 0xFFFFFF00)
T62A0 001:569.051 - 0.005ms returns 0x06
T62A0 001:569.054 JLINK_GetNumWPUnits()
T62A0 001:569.057 - 0.004ms returns 4
T62A0 001:569.060 JLINK_GetNumWPUnits()
T62A0 001:569.063 - 0.004ms returns 4
T62A0 001:569.174 JLINK_GetNumBPUnits(Type = 0xFFFFFF00)
T62A0 001:569.185 - 0.012ms returns 0x06
T62A0 001:569.189 JLINK_GetNumWPUnits()
T62A0 001:569.192 - 0.004ms returns 4
T62A0 001:569.196 JLINK_GetNumWPUnits()
T62A0 001:569.199 - 0.004ms returns 4
T62A0 001:569.391 JLINK_GetNumBPUnits(Type = 0xFFFFFF00)
T62A0 001:569.401 - 0.011ms returns 0x06
T62A0 001:569.405 JLINK_GetNumWPUnits()
T62A0 001:569.409 - 0.005ms returns 4
T62A0 001:569.413 JLINK_GetNumWPUnits()
T62A0 001:569.417 - 0.005ms returns 4
T62A0 001:569.643 JLINK_GetNumBPUnits(Type = 0xFFFFFF00)
T62A0 001:569.653 - 0.012ms returns 0x06
T62A0 001:569.658 JLINK_GetNumWPUnits()
T62A0 001:569.663 - 0.006ms returns 4
T62A0 001:569.668 JLINK_GetNumWPUnits()
T62A0 001:569.672 - 0.006ms returns 4
T62A0 001:569.779 JLINK_GetNumBPUnits(Type = 0xFFFFFF00)
T62A0 001:569.785 - 0.008ms returns 0x06
T62A0 001:569.790 JLINK_GetNumWPUnits()
T62A0 001:569.794 - 0.005ms returns 4
T62A0 001:569.798 JLINK_GetNumWPUnits()
T62A0 001:569.805 - 0.009ms returns 4
T62A0 001:569.891 JLINK_GetNumBPUnits(Type = 0xFFFFFF00)
T62A0 001:569.901 - 0.011ms returns 0x06
T62A0 001:569.905 JLINK_GetNumWPUnits()
T62A0 001:569.908 - 0.004ms returns 4
T62A0 001:569.912 JLINK_GetNumWPUnits()
T62A0 001:569.915 - 0.004ms returns 4
T5F74 001:629.938 JLINK_ReadReg(XPSR)
T5F74 001:630.252 - 0.323ms returns 0x01000000
T5F74 001:873.020 JLINK_ReadReg(XPSR)
T5F74 001:873.044 - 0.025ms returns 0x01000000
T5F74 001:873.381 JLINK_ReadReg(XPSR)
T5F74 001:873.398 - 0.018ms returns 0x01000000
T5F74 002:725.595 JLINK_STRACE_Read(..., NumItems = 0x10000)
T5F74 002:725.857 - 0.272ms NumItemsRead = 0x00
T5F74 002:725.877 JLINK_IsHalted()
T5F74 002:726.210 - 0.340ms returns TRUE
T5F74 002:726.224 JLINK_STRACE_Read(..., NumItems = 0x10000)
T5F74 002:726.230 - 0.007ms NumItemsRead = 0x00
T5F74 002:726.241 JLINK_GoEx(MaxEmulInsts = 0, Flags = 0x01)
T5F74 002:726.262   CPU_WriteMem(4 bytes @ 0xE0002000)
T5F74 002:726.560   CPU_ReadMem(4 bytes @ 0xE0001000)
T5F74 002:726.838   CPU_WriteMem(4 bytes @ 0xE0002008)
T5F74 002:726.851   CPU_WriteMem(4 bytes @ 0xE000200C)
T5F74 002:726.857   CPU_WriteMem(4 bytes @ 0xE0002010)
T5F74 002:726.862   CPU_WriteMem(4 bytes @ 0xE0002014)
T5F74 002:726.868   CPU_WriteMem(4 bytes @ 0xE0002018)
T5F74 002:726.874   CPU_WriteMem(4 bytes @ 0xE000201C)
T5F74 002:728.059   CPU_WriteMem(4 bytes @ 0xE0001004)
T5F74 002:728.778 - 2.542ms
T5F74 002:836.798 JLINK_IsHalted()
T5F74 002:839.489 - 2.697ms returns TRUE
T5F74 002:839.501 JLINK_ReadReg(XPSR)
T5F74 002:839.508 - 0.008ms returns 0xA1000000
T5F74 002:839.512 JLINK_ReadReg(R15 (PC))
T5F74 002:839.516 - 0.005ms returns 0x000035B8
T5F74 002:839.526 JLINK_ReadReg(XPSR)
T5F74 002:839.530 - 0.005ms returns 0xA1000000
T5F74 002:839.534 JLINK_ReadReg(XPSR)
T5F74 002:839.538 - 0.005ms returns 0xA1000000
T5F74 002:839.541 JLINK_ReadReg(R15 (PC))
T5F74 002:839.545 - 0.005ms returns 0x000035B8
T5F74 002:839.550 JLINK_ReadReg(XPSR)
T5F74 002:839.553 - 0.004ms returns 0xA1000000
T5F74 002:839.556 JLINK_ReadReg(XPSR)
T5F74 002:839.559 - 0.005ms returns 0xA1000000
T5F74 002:839.564 JLINK_ReadMem(0x000035B8, 0x1 Bytes, ...)
T5F74 002:839.570    -- Read from flash cache (1 bytes @ 0x000035B8)
T5F74 002:839.575   Data:  08
T5F74 002:839.580 - 0.017ms returns 0
T5F74 002:839.584 JLINK_IsHalted()
T5F74 002:839.587 - 0.004ms returns TRUE
T5F74 002:839.590 JLINK_ReadReg(XPSR)
T5F74 002:839.593 - 0.007ms returns 0xA1000000
T5F74 002:839.601 JLINK_ReadReg(XPSR)
T5F74 002:839.604 - 0.004ms returns 0xA1000000
T5F74 002:839.608 JLINK_ReadReg(R15 (PC))
T5F74 002:839.611 - 0.004ms returns 0x000035B8
T5F74 002:839.615 JLINK_ReadReg(XPSR)
T5F74 002:839.618 - 0.004ms returns 0xA1000000
T5F74 002:839.622 JLINK_ReadReg(XPSR)
T5F74 002:839.625 - 0.004ms returns 0xA1000000
T5F74 002:839.628 JLINK_ReadMem(0x000035B8, 0x1 Bytes, ...)
T5F74 002:839.631    -- Read from flash cache (1 bytes @ 0x000035B8)
T5F74 002:839.636   Data:  08
T5F74 002:839.640 - 0.013ms returns 0
T5F74 002:839.909 JLINK_ReadRegs(NumRegs = 20, Indexes: 0, 1, 2, 3, 4, 5, 6, 7, 8, 9, 10, 11, 12, 13, 14, 15, 16, 17, 18, 20)
T5F74 002:839.922    -- R0=0x60000000, R1=0xFFF, R2=0x64000000, R3=0x4001E0A0, R4=0x1FFE0964, R5=0x1FFE09BC, R6=0x1FFE09BC, R7=0x1FFE01B8, R8=0x3938700, R9=0x1FBE, R10=0xFA9, R11=0x00, R12=0x20, R13 (SP)=0x1FFE1A68, R14=0x3247, R15 (PC)=0x35B8, XPSR=0xA1000000, MSP=0x1FFE1A68, PSP=0x1FFE2368, CFBP=0x4000000
T5F74 002:839.927 - 0.019ms returns 0x00
T5F74 002:840.010 JLINK_ReadMem(0x000035B8, 0x4 Bytes, ...)
T5F74 002:840.016    -- Read from flash cache (4 bytes @ 0x000035B8)
T5F74 002:840.021   Data:  08 B5 00 F0
T5F74 002:840.026 - 0.016ms returns 0
T5F74 002:840.686 JLINK_ClrBPEx(BPHandle = 0x00000002)
T5F74 002:840.699 - 0.014ms returns 0x00
T5F74 002:913.180 JLINK_ReadReg(XPSR)
T5F74 002:913.228 - 0.051ms returns 0xA1000000
T5F74 002:913.731 JLINK_ReadReg(XPSR)
T5F74 002:913.754 - 0.026ms returns 0xA1000000
T5F74 003:132.594 JLINK_STRACE_Read(..., NumItems = 0x10000)
T5F74 003:132.619 - 0.026ms NumItemsRead = 0x00
T5F74 003:132.626 JLINK_IsHalted()
T5F74 003:132.630 - 0.005ms returns TRUE
T5F74 003:132.634 JLINK_STRACE_Read(..., NumItems = 0x10000)
T5F74 003:132.637 - 0.004ms NumItemsRead = 0x00
T5F74 003:132.641 JLINK_GoEx(MaxEmulInsts = 0, Flags = 0x01)
T5F74 003:132.659   CPU_ReadMem(4 bytes @ 0xE0001000)
T5F74 003:132.994   CPU_WriteMem(4 bytes @ 0xE0002008)
T5F74 003:133.752 - 1.117ms
T5F74 003:242.056 JLINK_IsHalted()
T5F74 003:242.413 - 0.360ms returns FALSE
T5F74 003:242.420 JLINK_IsHalted()
T5F74 003:242.772 - 0.360ms returns FALSE
T5F74 003:351.708 JLINK_IsHalted()
T5F74 003:352.324 - 0.634ms returns FALSE
T5F74 003:352.355 JLINK_IsHalted()
T5F74 003:352.937 - 0.599ms returns FALSE
T5F74 003:461.491 JLINK_IsHalted()
T5F74 003:461.948 - 0.466ms returns FALSE
T5F74 003:461.964 JLINK_IsHalted()
T5F74 003:462.475 - 0.519ms returns FALSE
T5F74 003:570.935 JLINK_IsHalted()
T5F74 003:571.524 - 0.604ms returns FALSE
T5F74 003:571.550 JLINK_IsHalted()
T5F74 003:572.085 - 0.550ms returns FALSE
T5F74 003:680.257 JLINK_IsHalted()
T5F74 003:680.825 - 0.592ms returns FALSE
T5F74 003:680.865 JLINK_IsHalted()
T5F74 003:681.500 - 0.657ms returns FALSE
T5F74 003:789.471 JLINK_IsHalted()
T5F74 003:790.059 - 0.608ms returns FALSE
T5F74 003:790.094 JLINK_IsHalted()
T5F74 003:790.654 - 0.579ms returns FALSE
T62A0 003:842.464 JLINK_IsHalted()
T62A0 003:842.883 - 0.425ms returns FALSE
T62A0 003:842.892 JLINK_IsHalted()
T62A0 003:843.158 - 0.267ms returns FALSE
T5F74 003:898.569 JLINK_IsHalted()
T5F74 003:898.998 - 0.448ms returns FALSE
T5F74 003:899.030 JLINK_IsHalted()
T5F74 003:899.482 - 0.470ms returns FALSE
T5F74 004:008.618 JLINK_IsHalted()
T5F74 004:008.990 - 0.380ms returns FALSE
T5F74 004:009.003 JLINK_IsHalted()
T5F74 004:009.310 - 0.309ms returns FALSE
T5F74 004:117.858 JLINK_IsHalted()
T5F74 004:118.505 - 0.668ms returns FALSE
T5F74 004:118.541 JLINK_IsHalted()
T5F74 004:119.108 - 0.591ms returns FALSE
T62A0 004:134.160 JLINK_IsHalted()
T62A0 004:134.835 - 0.702ms returns FALSE
T62A0 004:134.880 JLINK_IsHalted()
T62A0 004:135.434 - 0.578ms returns FALSE
T5F74 004:227.234 JLINK_IsHalted()
T5F74 004:227.833 - 0.620ms returns FALSE
T5F74 004:227.869 JLINK_IsHalted()
T5F74 004:228.432 - 0.583ms returns FALSE
T5F74 004:336.155 JLINK_IsHalted()
T5F74 004:336.755 - 0.621ms returns FALSE
T5F74 004:336.791 JLINK_IsHalted()
T5F74 004:337.389 - 0.621ms returns FALSE
T5F74 004:445.318 JLINK_IsHalted()
T5F74 004:445.855 - 0.548ms returns FALSE
T5F74 004:445.873 JLINK_IsHalted()
T5F74 004:446.331 - 0.471ms returns FALSE
T5F74 004:554.887 JLINK_IsHalted()
T5F74 004:555.541 - 0.675ms returns FALSE
T5F74 004:555.578 JLINK_IsHalted()
T5F74 004:556.098 - 0.542ms returns FALSE
T5F74 004:664.955 JLINK_IsHalted()
T5F74 004:665.552 - 0.619ms returns FALSE
T5F74 004:665.590 JLINK_IsHalted()
T5F74 004:666.151 - 0.582ms returns FALSE
T5F74 004:774.235 JLINK_IsHalted()
T5F74 004:774.800 - 0.586ms returns FALSE
T5F74 004:774.837 JLINK_IsHalted()
T5F74 004:775.411 - 0.598ms returns FALSE
T5F74 004:883.307 JLINK_IsHalted()
T5F74 004:883.868 - 0.585ms returns FALSE
T5F74 004:883.907 JLINK_IsHalted()
T5F74 004:884.369 - 0.489ms returns FALSE
T5F74 004:993.073 JLINK_IsHalted()
T5F74 004:993.662 - 0.610ms returns FALSE
T5F74 004:993.698 JLINK_IsHalted()
T5F74 004:994.239 - 0.560ms returns FALSE
T5F74 005:101.684 JLINK_IsHalted()
T5F74 005:102.250 - 0.586ms returns FALSE
T5F74 005:102.286 JLINK_IsHalted()
T5F74 005:102.842 - 0.576ms returns FALSE
T62A0 005:136.783 JLINK_IsHalted()
T62A0 005:137.389 - 0.631ms returns FALSE
T62A0 005:137.433 JLINK_IsHalted()
T62A0 005:137.968 - 0.559ms returns FALSE
T5F74 005:211.015 JLINK_IsHalted()
T5F74 005:211.676 - 0.685ms returns FALSE
T5F74 005:211.717 JLINK_IsHalted()
T5F74 005:212.345 - 0.663ms returns FALSE
T5F74 005:320.618 JLINK_IsHalted()
T5F74 005:320.994 - 0.383ms returns FALSE
T5F74 005:321.005 JLINK_IsHalted()
T5F74 005:321.254 - 0.251ms returns FALSE
T5F74 005:430.347 JLINK_IsHalted()
T5F74 005:430.618 - 0.283ms returns FALSE
T5F74 005:430.634 JLINK_IsHalted()
T5F74 005:430.859 - 0.229ms returns FALSE
T5F74 005:539.884 JLINK_IsHalted()
T5F74 005:540.408 - 0.532ms returns FALSE
T5F74 005:540.420 JLINK_IsHalted()
T5F74 005:540.828 - 0.411ms returns FALSE
T5F74 005:648.872 JLINK_IsHalted()
T5F74 005:649.212 - 0.349ms returns FALSE
T5F74 005:649.226 JLINK_IsHalted()
T5F74 005:649.514 - 0.290ms returns FALSE
T5F74 005:757.952 JLINK_IsHalted()
T5F74 005:758.294 - 0.344ms returns FALSE
T5F74 005:758.299 JLINK_IsHalted()
T5F74 005:758.671 - 0.374ms returns FALSE
T5F74 005:867.531 JLINK_IsHalted()
T5F74 005:867.938 - 0.409ms returns FALSE
T5F74 005:867.944 JLINK_IsHalted()
T5F74 005:868.300 - 0.358ms returns FALSE
T5F74 005:977.435 JLINK_IsHalted()
T5F74 005:977.859 - 0.432ms returns FALSE
T5F74 005:977.872 JLINK_IsHalted()
T5F74 005:978.328 - 0.462ms returns FALSE
T5F74 006:086.208 JLINK_IsHalted()
T5F74 006:086.815 - 0.628ms returns FALSE
T5F74 006:086.850 JLINK_IsHalted()
T5F74 006:087.329 - 0.499ms returns FALSE
T62A0 006:138.784 JLINK_IsHalted()
T62A0 006:139.360 - 0.595ms returns FALSE
T62A0 006:139.393 JLINK_IsHalted()
T62A0 006:140.022 - 0.647ms returns FALSE
T5F74 006:195.349 JLINK_IsHalted()
T5F74 006:195.918 - 0.583ms returns FALSE
T5F74 006:195.939 JLINK_IsHalted()
T5F74 006:196.361 - 0.434ms returns FALSE
T5F74 006:305.435 JLINK_IsHalted()
T5F74 006:305.840 - 0.408ms returns FALSE
T5F74 006:305.848 JLINK_IsHalted()
T5F74 006:306.170 - 0.324ms returns FALSE
T5F74 006:414.155 JLINK_IsHalted()
T5F74 006:414.486 - 0.333ms returns FALSE
T5F74 006:414.492 JLINK_IsHalted()
T5F74 006:414.758 - 0.268ms returns FALSE
T5F74 006:523.870 JLINK_IsHalted()
T5F74 006:524.252 - 0.384ms returns FALSE
T5F74 006:524.258 JLINK_IsHalted()
T5F74 006:524.594 - 0.338ms returns FALSE
T5F74 006:632.774 JLINK_IsHalted()
T5F74 006:633.100 - 0.327ms returns FALSE
T5F74 006:633.106 JLINK_IsHalted()
T5F74 006:633.383 - 0.279ms returns FALSE
T5F74 006:743.059 JLINK_IsHalted()
T5F74 006:743.602 - 0.561ms returns FALSE
T5F74 006:743.633 JLINK_IsHalted()
T5F74 006:744.168 - 0.552ms returns FALSE
T5F74 006:851.645 JLINK_IsHalted()
T5F74 006:852.001 - 0.358ms returns FALSE
T5F74 006:852.006 JLINK_IsHalted()
T5F74 006:852.441 - 0.436ms returns FALSE
T5F74 006:961.032 JLINK_IsHalted()
T5F74 006:961.642 - 0.630ms returns FALSE
T5F74 006:961.678 JLINK_IsHalted()
T5F74 006:962.230 - 0.573ms returns FALSE
T5F74 007:071.151 JLINK_IsHalted()
T5F74 007:071.666 - 0.521ms returns FALSE
T5F74 007:071.677 JLINK_IsHalted()
T5F74 007:072.180 - 0.509ms returns FALSE
T6BFC 007:643.100 JLINK_Halt()
T6BFC 007:646.035 - 2.950ms returns 0x00
T6BFC 007:646.060 JLINK_ReadReg(XPSR)
T6BFC 007:646.515 - 0.466ms returns 0x81000000
T6BFC 007:653.372 JLINK_Close()
T6BFC 007:653.723   OnDisconnectTarget() start
T6BFC 007:653.744    J-Link Script File: Executing OnDisconnectTarget()
T6BFC 007:653.753   Restoring low power mode settings.
T6BFC 007:656.988   OnDisconnectTarget() end
T6BFC 007:670.636 - 17.280ms
T6BFC 007:670.655   
T6BFC 007:670.660   Closed
