T1C08 000:000.404   SEGGER J-Link V7.84d Log File
T1C08 000:000.544   DLL Compiled: Jan 25 2023 15:51:00
T1C08 000:000.550   Logging started @ 2024-09-24 08:07
T1C08 000:000.554 - 0.557ms
T1C08 000:000.568 JLINK_GetDLLVersion()
T1C08 000:000.572 - 0.006ms returns 78404
T1C08 000:001.090 JLINK_OpenEx(...)
T1C08 000:007.165   Firmware: J-Link OB RX621-ARM-SWD V1 compiled Mar  8 2017 13:46:30
T1C08 000:007.613   Firmware: J-Link OB RX621-ARM-SWD V1 compiled Mar  8 2017 13:46:30
T1C08 000:007.763   Decompressing FW timestamp took 124 us
T1C08 000:009.762   Hardware: V2.10
T1C08 000:009.782   S/N: 708003074
T1C08 000:009.787   OEM: SEGGER
T1C08 000:009.793   Feature(s): None
T1C08 000:011.024   TELNET listener socket opened on port 19021
T1C08 000:011.157   WEBSRV WEBSRV_Init(): Starting webserver thread(s)
T1C08 000:011.318   WEBSRV Webserver running on local port 19080
T1C08 000:021.344 - 20.272ms returns "O.K."
T1C08 000:021.467 JLINK_ExecCommand("ProjectFile=D:\Documents\File_code\RENESAS\RENESAS_SSP_S7G2\GPIOLed/GPIOLed Debug.jlink", ...). 
T1C08 000:035.947 - 14.494ms returns 0x00
T1C08 000:036.409 JLINK_ExecCommand("device=R7FS7G27H", ...). 
T1C08 000:040.240   Device "R7FS7G27H" selected.
T1C08 000:040.507 - 4.089ms returns 0x00
T1C08 000:040.537 JLINK_ExecCommand("SetCPUConnectIDCODE = FFFFFFFFFFFFFFFFFFFFFFFFFFFFFFFF", ...). 
T1C08 000:040.545 - 0.004ms returns 0x00
T1C08 000:040.551 JLINK_TIF_GetAvailable(...)
T1C08 000:040.705 - 0.159ms
T1C08 000:040.714 JLINK_TIF_Select(JLINKARM_TIF_SWD)
T1C08 000:041.189 - 0.484ms returns 0x00
T1C08 000:041.207 JLINK_SetSpeed(4000)
T1C08 000:041.272 - 0.068ms
T1C08 000:041.280 JLINK_SetEndian(ARM_ENDIAN_LITTLE)
T1C08 000:041.285 - 0.007ms returns 0
T1C08 000:041.292 JLINK_SetInitRegsOnReset(OFF)
T1C08 000:041.296 - 0.005ms returns 1
T1C08 000:041.300 JLINK_SetResetType(JLINKARM_RESET_TYPE_NO_RESET)
T1C08 000:041.304 - 0.005ms returns JLINKARM_RESET_TYPE_NORMAL
T1C08 000:041.309 JLINK_ExecCommand("EnableFlashBPs", ...). 
T1C08 000:041.314 - 0.002ms returns 0x00
T1C08 000:041.320 JLINK_ExecCommand("SetAllowFlashCache = 1", ...). 
T1C08 000:041.325 - 0.002ms returns 0x01
T1C08 000:041.330 JLINK_ExecCommand("SetRestartOnClose = 0", ...). 
T1C08 000:041.335 - 0.003ms returns 0x01
T1C08 000:041.341 JLINK_EnableSoftBPs(ON)
T1C08 000:041.352 - 0.013ms
T1C08 000:041.358 JLINK_Connect()
T1C08 000:041.499   InitTarget() start
T1C08 000:041.517    J-Link Script File: Executing InitTarget()
T1C08 000:041.526   Identifying target device...
T1C08 000:041.531   SWD selected. Executing JTAG -> SWD switching sequence...
T1C08 000:042.353   Initializing DAP...
T1C08 000:045.471   Low power mode detected. Waking device from low power mode.
T1C08 000:048.321   InitTarget() end
T1C08 000:048.762   Found SW-DP with ID 0x5BA02477
T1C08 000:051.053   Old FW that does not support reading DPIDR via DAP jobs
T1C08 000:053.427   DPv0 detected
T1C08 000:053.436   CoreSight SoC-400 or earlier
T1C08 000:053.441   Scanning AP map to find all available APs
T1C08 000:055.698   AP[2]: Stopped AP scan as end of AP map has been reached
T1C08 000:055.710   AP[0]: AHB-AP (IDR: 0x24770011)
T1C08 000:055.715   AP[1]: APB-AP (IDR: 0x44770002)
T1C08 000:055.725   Iterating through AP map to find AHB-AP to use
T1C08 000:058.351   AP[0]: Core found
T1C08 000:058.358   AP[0]: AHB-AP ROM base: 0xE00FF000
T1C08 000:059.538   CPUID register: 0x410FC241. Implementer code: 0x41 (ARM)
T1C08 000:059.544   Found Cortex-M4 r0p1, Little endian.
T1C08 000:059.761   -- Max. mem block: 0x0000E9C8
T1C08 000:059.850   CPU_ReadMem(4 bytes @ 0xE000EDF0)
T1C08 000:060.143   CPU_ReadMem(4 bytes @ 0xE0002000)
T1C08 000:060.417   FPUnit: 6 code (BP) slots and 2 literal slots
T1C08 000:060.423   CPU_ReadMem(4 bytes @ 0xE000EDFC)
T1C08 000:060.649   CPU_ReadMem(4 bytes @ 0xE0001000)
T1C08 000:060.879   CPU_WriteMem(4 bytes @ 0xE0001000)
T1C08 000:061.100   CPU_ReadMem(4 bytes @ 0xE000ED88)
T1C08 000:061.327   CPU_WriteMem(4 bytes @ 0xE000ED88)
T1C08 000:061.539   CPU_ReadMem(4 bytes @ 0xE000ED88)
T1C08 000:061.817   CPU_WriteMem(4 bytes @ 0xE000ED88)
T1C08 000:062.039   CoreSight components:
T1C08 000:062.045   ROMTbl[0] @ E00FF000
T1C08 000:062.050   CPU_ReadMem(64 bytes @ 0xE00FF000)
T1C08 000:062.724   CPU_ReadMem(32 bytes @ 0xE000EFE0)
T1C08 000:063.205   [0][0]: E000E000 CID B105E00D PID 000BB00C SCS-M7
T1C08 000:063.210   CPU_ReadMem(32 bytes @ 0xE0001FE0)
T1C08 000:063.623   [0][1]: E0001000 CID B105E00D PID 003BB002 DWT
T1C08 000:063.629   CPU_ReadMem(32 bytes @ 0xE0002FE0)
T1C08 000:064.111   [0][2]: E0002000 CID B105E00D PID 002BB003 FPB
T1C08 000:064.119   CPU_ReadMem(32 bytes @ 0xE0000FE0)
T1C08 000:064.618   [0][3]: E0000000 CID B105E00D PID 003BB001 ITM
T1C08 000:064.623   CPU_ReadMem(32 bytes @ 0xE0040FE0)
T1C08 000:065.159   [0][4]: E0040000 CID B105900D PID 000BB9A1 TPIU
T1C08 000:065.164   CPU_ReadMem(32 bytes @ 0xE0041FE0)
T1C08 000:065.647   [0][5]: E0041000 CID B105900D PID 000BB925 ETM
T1C08 000:065.661   CPU_ReadMem(32 bytes @ 0xE0042FE0)
T1C08 000:066.136   [0][6]: E0042000 CID B105900D PID 002BB908 CSTF
T1C08 000:066.143   CPU_ReadMem(32 bytes @ 0xE0043FE0)
T1C08 000:066.638   [0][7]: E0043000 CID B105900D PID 001BB961 TMC
T1C08 000:066.649   CPU_ReadMem(32 bytes @ 0xE0044FE0)
T1C08 000:067.159   [0][8]: E0044000 CID B105F00D PID 001BB101 TSG
T1C08 000:067.239 - 25.883ms returns 0x00
T1C08 000:067.265 JLINK_Halt()
T1C08 000:069.785 - 2.525ms returns 0x00
T1C08 000:069.796 JLINK_IsHalted()
T1C08 000:069.802 - 0.007ms returns TRUE
T1C08 000:069.806 JLINK_ResetPullsRESET(ON)
T1C08 000:069.809 - 0.004ms
T1C08 000:069.813 JLINK_Reset()
T1C08 000:069.826   CPU_WriteMem(4 bytes @ 0xE000EDF0)
T1C08 000:070.242   CPU_WriteMem(4 bytes @ 0xE000EDFC)
T1C08 000:070.488   Reset: Halt core after reset via DEMCR.VC_CORERESET.
T1C08 000:070.721   Reset: Reset device via AIRCR.SYSRESETREQ.
T1C08 000:070.730   CPU_WriteMem(4 bytes @ 0xE000ED0C)
T1C08 000:125.296   CPU_ReadMem(4 bytes @ 0xE000EDF0)
T1C08 000:125.926   CPU_ReadMem(4 bytes @ 0xE000EDF0)
T1C08 000:126.514   CPU_WriteMem(4 bytes @ 0xE000EDFC)
T1C08 000:132.401   CPU_ReadMem(4 bytes @ 0xE000EDF0)
T1C08 000:135.782   CPU_WriteMem(4 bytes @ 0xE0002000)
T1C08 000:136.248   CPU_ReadMem(4 bytes @ 0xE000EDFC)
T1C08 000:136.840   CPU_ReadMem(4 bytes @ 0xE0001000)
T1C08 000:137.426 - 67.639ms
T1C08 000:137.534 JLINK_ReadMemEx(0x407FB19C, 0x8 Bytes, Flags = 0x00000004)
T1C08 000:137.578   CPU_ReadMem(8 bytes @ 0x407FB19C)
T1C08 000:138.155   Data:  00 80 00 01 00 00 00 00
T1C08 000:138.190 - 0.661ms returns 8 (0x8)
T1C08 000:138.241 JLINK_ReadMem(0x01008024, 0x10 Bytes, ...)
T1C08 000:138.268   CPU_ReadMem(16 bytes @ 0x01008024)
T1C08 000:138.964   Data:  52 37 46 53 37 47 32 37 48 33 41 30 31 43 46 43
T1C08 000:139.000 - 0.766ms returns 0
T1C08 000:139.039 JLINK_IsHalted()
T1C08 000:139.054 - 0.022ms returns TRUE
T1C08 000:139.750 JLINK_MeasureCPUSpeed(RAMAddr = 0xFFFFFFFF)
T1C08 000:139.780   CPU_ReadMem(16 bytes @ 0x1FFE0000)
T1C08 000:140.517   CPU_ReadMem(64 bytes @ 0x1FFE0000)
T1C08 000:141.639    -- Updating C cache (64 bytes @ 0x1FFE0000)
T1C08 000:141.691    -- Read from C cache (6 bytes @ 0x1FFE0000)
T1C08 000:141.718   CPU_ReadMem(4 bytes @ 0xE000ED90)
T1C08 000:142.326   CPU_ReadMem(4 bytes @ 0xE000ED94)
T1C08 000:142.945   CPU_WriteMem(16 bytes @ 0x1FFE0000)
T1C08 000:143.674   CPU_WriteMem(6 bytes @ 0x1FFE0000)
T1C08 000:144.309   CPU_ReadMem(64 bytes @ 0x1FFE0000)
T1C08 000:145.417    -- Updating C cache (64 bytes @ 0x1FFE0000)
T1C08 000:145.465    -- Read from C cache (6 bytes @ 0x1FFE0000)
T1C08 000:145.508   CPU_WriteMem(4 bytes @ 0xE0002008)
T1C08 000:145.527   CPU_WriteMem(4 bytes @ 0xE000200C)
T1C08 000:145.543   CPU_WriteMem(4 bytes @ 0xE0002010)
T1C08 000:145.559   CPU_WriteMem(4 bytes @ 0xE0002014)
T1C08 000:145.575   CPU_WriteMem(4 bytes @ 0xE0002018)
T1C08 000:145.591   CPU_WriteMem(4 bytes @ 0xE000201C)
T1C08 000:153.304   CPU_WriteMem(4 bytes @ 0xE0002008)
T1C08 000:153.968   CPU_WriteMem(4 bytes @ 0xE000200C)
T1C08 000:154.590   CPU_WriteMem(4 bytes @ 0xE0002010)
T1C08 000:155.173   CPU_WriteMem(4 bytes @ 0xE0002014)
T1C08 000:155.810   CPU_WriteMem(4 bytes @ 0xE0002018)
T1C08 000:156.465   CPU_WriteMem(4 bytes @ 0xE000201C)
T1C08 000:183.353   CPU_WriteMem(6 bytes @ 0x1FFE0000)
T1C08 000:184.028   ClockFreq: 2003700 Hz
T1C08 000:184.064 - 44.320ms returns 2003700
T1C08 000:184.111 JLINK_ReadReg(XPSR)
T1C08 000:184.134 - 0.029ms returns 0x01000000
T1F5C 000:257.556 JLINK_ReadReg(XPSR)
T1F5C 000:257.587 - 0.032ms returns 0x01000000
T1F5C 000:288.966 JLINK_ReadReg(XPSR)
T1F5C 000:288.993 - 0.029ms returns 0x01000000
T1F5C 000:508.789 JLINK_BeginDownload(Flags = 0x00000000)
T1F5C 000:508.819 - 0.032ms
T1F5C 000:526.049 JLINK_WriteMem(0x00000000, 0xBD0 Bytes, ...)
T1F5C 000:526.068   Data:  58 1A FE 1F B9 28 00 00 35 24 00 00 B5 28 00 00 ...
T1F5C 000:526.321   completely In flash
T1F5C 000:526.332 - 0.285ms returns 0xBD0
T1F5C 000:526.633 JLINK_WriteMem(0x00000BD0, 0xBC0 Bytes, ...)
T1F5C 000:526.647   Data:  14 59 82 B2 00 EA 14 40 82 42 14 BF 00 20 00 20 ...
T1F5C 000:526.660   completely In flash
T1F5C 000:526.667 - 0.035ms returns 0xBC0
T1F5C 000:526.881 JLINK_WriteMem(0x00001790, 0xBD0 Bytes, ...)
T1F5C 000:526.892   Data:  15 4A D0 69 FF F7 00 FF F0 B9 4F F4 C8 70 08 BD ...
T1F5C 000:526.901   completely In flash
T1F5C 000:526.908 - 0.029ms returns 0xBD0
T1F5C 000:527.118 JLINK_WriteMem(0x00002360, 0xBC0 Bytes, ...)
T1F5C 000:527.130   Data:  92 F8 1C 31 03 F0 07 03 99 42 B4 D0 92 F8 1C 31 ...
T1F5C 000:527.150   completely In flash
T1F5C 000:527.157 - 0.041ms returns 0xBC0
T1F5C 000:527.399 JLINK_WriteMem(0x00002F20, 0xBA0 Bytes, ...)
T1F5C 000:527.413   Data:  C3 F3 09 03 00 20 53 80 F0 BD 01 20 70 47 DF 21 ...
T1F5C 000:527.433   completely In flash
T1F5C 000:527.440 - 0.042ms returns 0xBA0
T1F5C 000:527.651 JLINK_WriteMem(0x00003AC0, 0xBA0 Bytes, ...)
T1F5C 000:527.663   Data:  FE F7 DA FE 43 1C 02 D1 2B 68 03 B1 23 60 38 BD ...
T1F5C 000:527.672   completely In flash
T1F5C 000:527.679 - 0.029ms returns 0xBA0
T1F5C 000:527.960 JLINK_WriteMem(0x00004660, 0xBE0 Bytes, ...)
T1F5C 000:527.971   Data:  FF F7 8C FE 04 46 0F E0 06 F4 20 63 B3 F5 20 6F ...
T1F5C 000:527.993   completely In flash
T1F5C 000:528.000 - 0.042ms returns 0xBE0
T1F5C 000:528.192 JLINK_WriteMem(0x00005240, 0x1B4 Bytes, ...)
T1F5C 000:528.203   Data:  FF FF FF FF FF FF FF FF FF FF FF FF FF FF FF FF ...
T1F5C 000:528.211   completely In flash
T1F5C 000:528.217 - 0.027ms returns 0x1B4
T1F5C 000:528.361 JLINK_WriteMem(0x000053F4, 0xE0 Bytes, ...)
T1F5C 000:528.370   Data:  04 00 FE 1F 00 00 00 00 98 53 00 00 B8 53 00 00 ...
T1F5C 000:528.377   completely In flash
T1F5C 000:528.383 - 0.024ms returns 0xE0
T1F5C 000:528.564 JLINK_WriteMem(0x40120050, 0x10 Bytes, ...)
T1F5C 000:528.574   Data:  FF FF FF FF FF FF FF FF FF FF FF FF FF FF FF FF
T1F5C 000:528.820   completely In flash
T1F5C 000:528.831 - 0.269ms returns 0x10
T1F5C 000:555.274 JLINK_EndDownload()
T1F5C 000:555.659   CPU_ReadMem(4 bytes @ 0xE000ED90)
T1F5C 000:556.111   CPU_ReadMem(4 bytes @ 0xE000ED94)
T1F5C 000:556.560    -- --------------------------------------
T1F5C 000:556.577   Flash bank @ 0x00000000: Default: L2 verify disabled because algorithm performs L1 verify
T1F5C 000:556.583    -- Start of determining dirty areas in flash cache
T1F5C 000:556.593    -- Filling invalid ranges in sector buffer (flash cache) for sector @ 0x00000000 if necessary
T1F5C 000:556.600    -- Filling invalid ranges in sector buffer (flash cache) for sector @ 0x00002000 if necessary
T1F5C 000:556.606    -- Filling invalid ranges in sector buffer (flash cache) for sector @ 0x00004000 if necessary
T1F5C 000:557.113    -- End of determining dirty areas
T1F5C 000:557.120    -- Start of preparing flash programming
T1F5C 000:557.129    -- Calculating RAM usage
T1F5C 000:557.227    -- RAM usage = 4596 Bytes
T1F5C 000:557.233    -- Preserving CPU registers
T1F5C 000:557.252    -- Determining CPU clock frequency
T1F5C 000:595.498    -- Preparing target
T1F5C 000:596.541    -- Preserving target RAM temporarily used for programming
T1F5C 000:623.903    -- Downloading RAMCode
T1F5C 000:647.950    -- Preparing RAMCode
T1F5C 000:655.086    -- Checking target RAM
T1F5C 000:656.085    -- CPU frequency = 120000 kHz
T1F5C 000:656.104    -- End of preparing flash programming
T1F5C 000:656.281   Looking for J-Link GUI Server exe at: C:\Users\minhd\.eclipse\com.renesas.platform_510646852\DebugComp\Synergy\ARM\Segger\JLinkGUIServer.exe
T1F5C 000:656.397   Looking for J-Link GUI Server exe at: \JLinkGUIServer.exe
T1F5C 000:957.109   Failed to connect to J-Link GUI Server.
T1F5C 000:975.360    -- CPU is running at 120000 kHz.
T1F5C 000:975.389    -- Start of comparing flash
T1F5C 000:975.396    -- CRC check was estimated as fastest method
T1F5C 000:975.404    -- Comparing range 0x0000 - 0x5FFF (3 Sectors, 24 KB), using multi-block CRC calculation
T1F5C 000:978.840    -- CRC does not match for sectors 0-2
T1F5C 000:978.861    -- End of comparing flash
T1F5C 000:978.868    -- Start of erasing sectors
T1F5C 000:978.892    -- Erasing range 0x00000000 - 0x00005FFF (  3 Sectors, 24 KB)
T1F5C 001:076.569    -- End of erasing sectors
T1F5C 001:076.593    -- Start of flash programming
T1F5C 001:076.600    -- Programming range 0x00000000 - 0x00005FFF (  3 Sectors, 24 KB)
T1F5C 001:201.583    -- End of flash programming
T1F5C 001:201.624    -- 0x0000 - 0x5FFF (  3 Sectors, 24 KiB)
T1F5C 001:201.637    -- Start of restoring
T1F5C 001:201.650    -- Restoring RAMCode
T1F5C 001:213.286    -- Restoring target memory
T1F5C 001:238.235    -- Restore target
T1F5C 001:238.270    -- Restoring CPU registers
T1F5C 001:238.312    -- End of restoring
T1F5C 001:238.322    -- Bank 0 @ 0x00000000: 1 range affected (24576 bytes)
T1F5C 001:238.331    -- Total: 0.681s (Prepare: 0.418s, Compare: 0.003s, Erase: 0.097s, Program & Verify: 0.132s, Restore: 0.028s)
T1F5C 001:238.339    -- Program & Verify speed: 182 KB/s
T1F5C 001:243.187    -- --------------------------------------
T1F5C 001:243.234   Flash bank @ 0x40120040: Default: L2 verify disabled because algorithm performs L1 verify
T1F5C 001:243.255    -- Start of determining dirty areas in flash cache
T1F5C 001:243.279    -- Filling invalid ranges in sector buffer (flash cache) for sector @ 0x40120040 if necessary
T1F5C 001:243.324    -- End of determining dirty areas
T1F5C 001:243.345    -- Start of preparing flash programming
T1F5C 001:243.367    -- Calculating RAM usage
T1F5C 001:243.412    -- RAM usage = 3668 Bytes
T1F5C 001:243.433    -- Preserving CPU registers
T1F5C 001:243.497    -- Determining CPU clock frequency
T1F5C 001:278.836    -- Preparing target
T1F5C 001:279.747    -- Preserving target RAM temporarily used for programming
T1F5C 001:301.946    -- Downloading RAMCode
T1F5C 001:326.092    -- Preparing RAMCode
T1F5C 001:332.712    -- Checking target RAM
T1F5C 001:333.927    -- CPU frequency = 120000 kHz
T1F5C 001:333.966    -- End of preparing flash programming
T1F5C 001:352.367    -- CPU is running at 120000 kHz.
T1F5C 001:352.396    -- Start of comparing flash
T1F5C 001:352.405    -- CRC check was estimated as fastest method
T1F5C 001:352.418    -- Comparing range 0x40120040 - 0x4012006F (1 Sector, 48 Bytes), using multi-block CRC calculation
T1F5C 001:354.017    -- All CRCs match
T1F5C 001:354.055    -- Comparing range 0x40120040 - 0x4012006F (1 Sector, 48 Bytes), using alternative multi-block CRC calculation
T1F5C 001:355.502    -- All CRCs match
T1F5C 001:355.539    -- End of comparing flash
T1F5C 001:355.549    -- Start of erasing sectors
T1F5C 001:355.566    -- End of erasing sectors
T1F5C 001:355.575    -- Start of flash programming
T1F5C 001:355.582    -- End of flash programming
T1F5C 001:355.590    -- Start of restoring
T1F5C 001:355.597    -- Restoring RAMCode
T1F5C 001:359.433    -- Restoring target memory
T1F5C 001:375.685    -- Restore target
T1F5C 001:375.706    -- Restoring CPU registers
T1F5C 001:375.721    -- End of restoring
T1F5C 001:375.727    -- Bank 2 @ 0x40120040: Skipped. Contents already match
T1F5C 001:375.770    -- Bank 2 @ 0x40120040: Skipped. Contents already match
T1F5C 001:384.323 - 829.090ms returns 24576 (0x6000)
T1F5C 001:384.755 JLINK_WriteReg(R15 (PC), 0x000028B8)
T1F5C 001:384.772 - 0.019ms returns 0
T1F5C 001:384.778 JLINK_WriteReg(XPSR, 0x01000000)
T1F5C 001:384.783 - 0.007ms returns 0
T1F5C 001:384.793 JLINK_SetEndian(ARM_ENDIAN_LITTLE)
T1F5C 001:384.796 - 0.004ms returns 0
T1F5C 001:385.211 JLINK_ResetPullsRESET(ON)
T1F5C 001:385.221 - 0.011ms
T1F5C 001:385.226 JLINK_Halt()
T1F5C 001:385.230 - 0.006ms returns 0x00
T1F5C 001:385.234 JLINK_IsHalted()
T1F5C 001:385.238 - 0.005ms returns TRUE
T1F5C 001:385.244 JLINK_Reset()
T1F5C 001:385.270   CPU_WriteMem(4 bytes @ 0xE000EDF0)
T1F5C 001:385.531   CPU_WriteMem(4 bytes @ 0xE000EDFC)
T1F5C 001:385.761   Reset: Halt core after reset via DEMCR.VC_CORERESET.
T1F5C 001:386.249   Reset: Reset device via AIRCR.SYSRESETREQ.
T1F5C 001:386.288   CPU_WriteMem(4 bytes @ 0xE000ED0C)
T1F5C 001:439.308   CPU_ReadMem(4 bytes @ 0xE000EDF0)
T1F5C 001:439.775   CPU_ReadMem(4 bytes @ 0xE000EDF0)
T1F5C 001:440.187   CPU_WriteMem(4 bytes @ 0xE000EDFC)
T1F5C 001:446.324   CPU_ReadMem(4 bytes @ 0xE000EDF0)
T1F5C 001:449.855   CPU_WriteMem(4 bytes @ 0xE0002000)
T1F5C 001:450.307   CPU_ReadMem(4 bytes @ 0xE000EDFC)
T1F5C 001:450.719   CPU_ReadMem(4 bytes @ 0xE0001000)
T1F5C 001:451.139 - 65.904ms
T1F5C 001:451.165 JLINK_SetEndian(ARM_ENDIAN_LITTLE)
T1F5C 001:451.172 - 0.009ms returns 0
T1F5C 001:473.835 JLINK_ReadMem(0x000028B8, 0x4 Bytes, ...)
T1F5C 001:473.895    -- Read from flash cache (4 bytes @ 0x000028B8)
T1F5C 001:473.901   Data:  08 B5 00 F0
T1F5C 001:473.906 - 0.072ms returns 0
T1F5C 001:477.684 JLINK_ReadReg(XPSR)
T1F5C 001:477.720 - 0.037ms returns 0x01000000
T1F5C 001:941.924 JLINK_GetNumBPUnits(Type = 0xFFFFFF00)
T1F5C 001:941.949 - 0.026ms returns 0x06
T1F5C 001:941.954 JLINK_GetNumWPUnits()
T1F5C 001:941.957 - 0.004ms returns 4
T1F5C 001:941.961 JLINK_GetNumWPUnits()
T1F5C 001:941.964 - 0.004ms returns 4
T1F5C 001:941.971 JLINK_GetNumBPUnits(Type = 0xFFFFFF00)
T1F5C 001:941.974 - 0.005ms returns 0x06
T1F5C 001:941.978 JLINK_GetNumWPUnits()
T1F5C 001:941.981 - 0.004ms returns 4
T1F5C 001:941.985 JLINK_GetNumWPUnits()
T1F5C 001:941.988 - 0.004ms returns 4
T1F5C 001:941.993 JLINK_GetNumBPUnits(Type = 0xFFFFFF00)
T1F5C 001:941.997 - 0.004ms returns 0x06
T1F5C 001:942.001 JLINK_GetNumWPUnits()
T1F5C 001:942.004 - 0.004ms returns 4
T1F5C 001:942.007 JLINK_GetNumWPUnits()
T1F5C 001:942.010 - 0.004ms returns 4
T1F5C 001:942.041 JLINK_SetBPEx(Addr = 0x00002C34, Type = 0xFFFFFF00)
T1F5C 001:942.049 - 0.010ms returns 0x00000001
T1F5C 001:942.055 JLINK_ClrBPEx(BPHandle = 0x00000001)
T1F5C 001:942.059 - 0.005ms returns 0x00
T1F5C 001:958.232 JLINK_SetBPEx(Addr = 0x00002C34, Type = 0xFFFFFF00)
T1F5C 001:958.254 - 0.023ms returns 0x00000002
T1F5C 002:066.573 JLINK_ReadRegs(NumRegs = 20, Indexes: 0, 1, 2, 3, 4, 5, 6, 7, 8, 9, 10, 11, 12, 13, 14, 15, 16, 17, 18, 20)
T1F5C 002:066.616    -- R0=0x1FFE0964, R1=0xFFFFFFFF, R2=0x00, R3=0x4001E0A0, R4=0x1FFE0964, R5=0x1FFE09BC, R6=0x1FFE09BC, R7=0x1FFE01B8, R8=0xEA5F, R9=0x11651E, R10=0xFFFFF69F, R11=0xFFFEF7F7, R12=0x1FFE08E8, R13 (SP)=0x1FFE1A58, R14=0xFFFFFFFF, R15 (PC)=0x28B8, XPSR=0x1000000, MSP=0x1FFE1A58, PSP=0xFFFFF7FC, CFBP=0x00
T1F5C 002:066.625 - 0.054ms returns 0x00
T1F5C 002:066.795 JLINK_ReadMem(0x000028B8, 0x4 Bytes, ...)
T1F5C 002:066.829    -- Read from flash cache (4 bytes @ 0x000028B8)
T1F5C 002:066.834   Data:  08 B5 00 F0
T1F5C 002:066.841 - 0.048ms returns 0
T1F5C 002:083.821 JLINK_ReadReg(XPSR)
T1F5C 002:084.292 - 0.478ms returns 0x01000000
T241C 002:090.172 JLINK_GetNumBPUnits(Type = 0xFFFFFF00)
T241C 002:090.199 - 0.029ms returns 0x06
T241C 002:090.206 JLINK_GetNumWPUnits()
T241C 002:090.210 - 0.006ms returns 4
T241C 002:090.215 JLINK_GetNumWPUnits()
T241C 002:090.219 - 0.006ms returns 4
T241C 002:090.356 JLINK_GetNumBPUnits(Type = 0xFFFFFF00)
T241C 002:090.369 - 0.015ms returns 0x06
T241C 002:090.373 JLINK_GetNumWPUnits()
T241C 002:090.420 - 0.051ms returns 4
T241C 002:090.428 JLINK_GetNumWPUnits()
T241C 002:090.433 - 0.006ms returns 4
T241C 002:090.577 JLINK_GetNumBPUnits(Type = 0xFFFFFF00)
T241C 002:090.590 - 0.014ms returns 0x06
T241C 002:090.595 JLINK_GetNumWPUnits()
T241C 002:090.599 - 0.006ms returns 4
T241C 002:090.604 JLINK_GetNumWPUnits()
T241C 002:090.608 - 0.006ms returns 4
T241C 002:090.814 JLINK_GetNumBPUnits(Type = 0xFFFFFF00)
T241C 002:090.823 - 0.012ms returns 0x06
T241C 002:090.829 JLINK_GetNumWPUnits()
T241C 002:090.833 - 0.005ms returns 4
T241C 002:090.838 JLINK_GetNumWPUnits()
T241C 002:090.842 - 0.005ms returns 4
T241C 002:091.151 JLINK_GetNumBPUnits(Type = 0xFFFFFF00)
T241C 002:091.161 - 0.012ms returns 0x06
T241C 002:091.167 JLINK_GetNumWPUnits()
T241C 002:091.171 - 0.006ms returns 4
T241C 002:091.176 JLINK_GetNumWPUnits()
T241C 002:091.180 - 0.006ms returns 4
T241C 002:091.422 JLINK_GetNumBPUnits(Type = 0xFFFFFF00)
T241C 002:091.432 - 0.012ms returns 0x06
T241C 002:091.437 JLINK_GetNumWPUnits()
T241C 002:091.441 - 0.006ms returns 4
T241C 002:091.446 JLINK_GetNumWPUnits()
T241C 002:091.451 - 0.006ms returns 4
T241C 002:091.626 JLINK_GetNumBPUnits(Type = 0xFFFFFF00)
T241C 002:091.639 - 0.015ms returns 0x06
T241C 002:091.645 JLINK_GetNumWPUnits()
T241C 002:091.649 - 0.006ms returns 4
T241C 002:091.654 JLINK_GetNumWPUnits()
T241C 002:091.659 - 0.006ms returns 4
T241C 002:091.777 JLINK_GetNumBPUnits(Type = 0xFFFFFF00)
T241C 002:091.784 - 0.010ms returns 0x06
T241C 002:091.790 JLINK_GetNumWPUnits()
T241C 002:091.795 - 0.007ms returns 4
T241C 002:091.800 JLINK_GetNumWPUnits()
T241C 002:091.805 - 0.006ms returns 4
T1F5C 002:785.654 JLINK_ReadReg(XPSR)
T1F5C 002:786.029 - 0.382ms returns 0x01000000
T1F5C 002:786.895 JLINK_ReadReg(XPSR)
T1F5C 002:786.927 - 0.034ms returns 0x01000000
T1F5C 004:520.174 JLINK_STRACE_Read(..., NumItems = 0x10000)
T1F5C 004:520.483 - 0.318ms NumItemsRead = 0x00
T1F5C 004:520.518 JLINK_IsHalted()
T1F5C 004:520.878 - 0.367ms returns TRUE
T1F5C 004:520.891 JLINK_STRACE_Read(..., NumItems = 0x10000)
T1F5C 004:520.897 - 0.007ms NumItemsRead = 0x00
T1F5C 004:520.919 JLINK_GoEx(MaxEmulInsts = 0, Flags = 0x01)
T1F5C 004:520.936   CPU_WriteMem(4 bytes @ 0xE0002000)
T1F5C 004:521.353   CPU_ReadMem(4 bytes @ 0xE0001000)
T1F5C 004:521.698   CPU_WriteMem(4 bytes @ 0xE0002008)
T1F5C 004:521.713   CPU_WriteMem(4 bytes @ 0xE000200C)
T1F5C 004:521.720   CPU_WriteMem(4 bytes @ 0xE0002010)
T1F5C 004:521.726   CPU_WriteMem(4 bytes @ 0xE0002014)
T1F5C 004:521.733   CPU_WriteMem(4 bytes @ 0xE0002018)
T1F5C 004:521.740   CPU_WriteMem(4 bytes @ 0xE000201C)
T1F5C 004:523.018   CPU_WriteMem(4 bytes @ 0xE0001004)
T1F5C 004:524.161 - 3.252ms
T1F5C 004:626.423 JLINK_IsHalted()
T1F5C 004:629.243 - 2.851ms returns TRUE
T1F5C 004:629.267 JLINK_ReadReg(XPSR)
T1F5C 004:629.274 - 0.009ms returns 0xA1000000
T1F5C 004:629.280 JLINK_ReadReg(R15 (PC))
T1F5C 004:629.285 - 0.007ms returns 0x00002C34
T1F5C 004:629.296 JLINK_ReadReg(XPSR)
T1F5C 004:629.301 - 0.007ms returns 0xA1000000
T1F5C 004:629.307 JLINK_ReadReg(XPSR)
T1F5C 004:629.311 - 0.006ms returns 0xA1000000
T1F5C 004:629.317 JLINK_ReadReg(R15 (PC))
T1F5C 004:629.321 - 0.006ms returns 0x00002C34
T1F5C 004:629.327 JLINK_ReadReg(XPSR)
T1F5C 004:629.332 - 0.006ms returns 0xA1000000
T1F5C 004:629.337 JLINK_ReadReg(XPSR)
T1F5C 004:629.342 - 0.006ms returns 0xA1000000
T1F5C 004:629.348 JLINK_ReadMem(0x00002C34, 0x1 Bytes, ...)
T1F5C 004:629.355    -- Read from flash cache (1 bytes @ 0x00002C34)
T1F5C 004:629.362   Data:  08
T1F5C 004:629.369 - 0.023ms returns 0
T1F5C 004:629.374 JLINK_IsHalted()
T1F5C 004:629.379 - 0.006ms returns TRUE
T1F5C 004:629.384 JLINK_ReadReg(XPSR)
T1F5C 004:629.389 - 0.006ms returns 0xA1000000
T1F5C 004:629.394 JLINK_ReadReg(XPSR)
T1F5C 004:629.399 - 0.006ms returns 0xA1000000
T1F5C 004:629.404 JLINK_ReadReg(R15 (PC))
T1F5C 004:629.409 - 0.006ms returns 0x00002C34
T1F5C 004:629.414 JLINK_ReadReg(XPSR)
T1F5C 004:629.419 - 0.006ms returns 0xA1000000
T1F5C 004:629.424 JLINK_ReadReg(XPSR)
T1F5C 004:629.433 - 0.011ms returns 0xA1000000
T1F5C 004:629.439 JLINK_ReadMem(0x00002C34, 0x1 Bytes, ...)
T1F5C 004:629.444    -- Read from flash cache (1 bytes @ 0x00002C34)
T1F5C 004:629.450   Data:  08
T1F5C 004:629.456 - 0.019ms returns 0
T1F5C 004:629.789 JLINK_ReadRegs(NumRegs = 20, Indexes: 0, 1, 2, 3, 4, 5, 6, 7, 8, 9, 10, 11, 12, 13, 14, 15, 16, 17, 18, 20)
T1F5C 004:629.805    -- R0=0x60000000, R1=0xFFF, R2=0x64000000, R3=0x4001E0A0, R4=0x1FFE0964, R5=0x1FFE09BC, R6=0x1FFE09BC, R7=0x1FFE01B8, R8=0xEA5F, R9=0x11651E, R10=0xFFFFF69F, R11=0xFFFEF7F7, R12=0x20, R13 (SP)=0x1FFE1A50, R14=0x28C3, R15 (PC)=0x2C34, XPSR=0xA1000000, MSP=0x1FFE1A50, PSP=0xFFFFF7FC, CFBP=0x4000000
T1F5C 004:629.826 - 0.039ms returns 0x00
T1F5C 004:630.032 JLINK_ReadMem(0x00002C34, 0x4 Bytes, ...)
T1F5C 004:630.041    -- Read from flash cache (4 bytes @ 0x00002C34)
T1F5C 004:630.046   Data:  08 B5 00 F0
T1F5C 004:630.051 - 0.021ms returns 0
T1F5C 004:630.797 JLINK_ClrBPEx(BPHandle = 0x00000002)
T1F5C 004:630.807 - 0.012ms returns 0x00
T1F5C 004:694.740 JLINK_ReadReg(XPSR)
T1F5C 004:694.773 - 0.035ms returns 0xA1000000
T1F5C 004:695.817 JLINK_ReadReg(XPSR)
T1F5C 004:695.842 - 0.027ms returns 0xA1000000
T1F5C 005:223.235 JLINK_STRACE_Read(..., NumItems = 0x10000)
T1F5C 005:223.268 - 0.034ms NumItemsRead = 0x00
T1F5C 005:223.276 JLINK_IsHalted()
T1F5C 005:223.590 - 0.323ms returns TRUE
T1F5C 005:223.605 JLINK_STRACE_Read(..., NumItems = 0x10000)
T1F5C 005:223.610 - 0.006ms NumItemsRead = 0x00
T1F5C 005:223.615 JLINK_GoEx(MaxEmulInsts = 0, Flags = 0x01)
T1F5C 005:223.633   CPU_ReadMem(4 bytes @ 0xE0001000)
T1F5C 005:223.964   CPU_WriteMem(4 bytes @ 0xE0002008)
T1F5C 005:224.870 - 1.264ms
T1F5C 005:329.301 JLINK_IsHalted()
T1F5C 005:329.650 - 0.357ms returns FALSE
T1F5C 005:329.663 JLINK_IsHalted()
T1F5C 005:329.955 - 0.304ms returns FALSE
T1F5C 005:438.368 JLINK_IsHalted()
T1F5C 005:439.045 - 0.699ms returns FALSE
T1F5C 005:439.083 JLINK_IsHalted()
T1F5C 005:439.643 - 0.581ms returns FALSE
T1F5C 005:548.049 JLINK_IsHalted()
T1F5C 005:548.464 - 0.426ms returns FALSE
T1F5C 005:548.483 JLINK_IsHalted()
T1F5C 005:548.887 - 0.413ms returns FALSE
T1F5C 005:657.480 JLINK_IsHalted()
T1F5C 005:658.109 - 0.651ms returns FALSE
T1F5C 005:658.147 JLINK_IsHalted()
T1F5C 005:658.737 - 0.614ms returns FALSE
T1F5C 005:767.140 JLINK_IsHalted()
T1F5C 005:767.676 - 0.544ms returns FALSE
T1F5C 005:767.708 JLINK_IsHalted()
T1F5C 005:768.167 - 0.481ms returns FALSE
T1F5C 005:875.887 JLINK_IsHalted()
T1F5C 005:876.454 - 0.588ms returns FALSE
T1F5C 005:876.489 JLINK_IsHalted()
T1F5C 005:877.028 - 0.559ms returns FALSE
T1F5C 005:985.628 JLINK_IsHalted()
T1F5C 005:986.161 - 0.548ms returns FALSE
T1F5C 005:986.188 JLINK_IsHalted()
T1F5C 005:986.748 - 0.575ms returns FALSE
T1F5C 006:095.140 JLINK_IsHalted()
T1F5C 006:095.821 - 0.702ms returns FALSE
T1F5C 006:095.858 JLINK_IsHalted()
T1F5C 006:096.478 - 0.643ms returns FALSE
T1F5C 006:203.942 JLINK_IsHalted()
T1F5C 006:204.584 - 0.666ms returns FALSE
T1F5C 006:204.625 JLINK_IsHalted()
T1F5C 006:205.165 - 0.578ms returns FALSE
T1F5C 006:313.892 JLINK_IsHalted()
T1F5C 006:314.568 - 0.698ms returns FALSE
T1F5C 006:314.606 JLINK_IsHalted()
T1F5C 006:315.297 - 0.714ms returns FALSE
T1F5C 006:422.759 JLINK_IsHalted()
T1F5C 006:423.409 - 0.672ms returns FALSE
T1F5C 006:423.447 JLINK_IsHalted()
T1F5C 006:424.024 - 0.599ms returns FALSE
T1F5C 006:531.960 JLINK_IsHalted()
T1F5C 006:532.542 - 0.597ms returns FALSE
T1F5C 006:532.568 JLINK_IsHalted()
T1F5C 006:533.060 - 0.508ms returns FALSE
T241C 006:633.951 JLINK_IsHalted()
T241C 006:634.597 - 0.668ms returns FALSE
T241C 006:634.635 JLINK_IsHalted()
T241C 006:635.203 - 0.593ms returns FALSE
T241C 006:635.703 JLINK_IsHalted()
T241C 006:636.265 - 0.586ms returns FALSE
T241C 006:636.317 JLINK_IsHalted()
T241C 006:636.885 - 0.588ms returns FALSE
T1F5C 006:642.224 JLINK_IsHalted()
T1F5C 006:642.736 - 0.526ms returns FALSE
T1F5C 006:642.760 JLINK_IsHalted()
T1F5C 006:643.296 - 0.552ms returns FALSE
T1F5C 006:750.772 JLINK_IsHalted()
T1F5C 006:751.419 - 0.668ms returns FALSE
T1F5C 006:751.454 JLINK_IsHalted()
T1F5C 006:751.900 - 0.467ms returns FALSE
T1F5C 006:860.442 JLINK_IsHalted()
T1F5C 006:861.051 - 0.632ms returns FALSE
T1F5C 006:861.089 JLINK_IsHalted()
T1F5C 006:861.657 - 0.591ms returns FALSE
T1F5C 006:970.058 JLINK_IsHalted()
T1F5C 006:970.666 - 0.632ms returns FALSE
T1F5C 006:970.707 JLINK_IsHalted()
T1F5C 006:971.400 - 0.716ms returns FALSE
T1C08 007:584.386 JLINK_Halt()
T1C08 007:587.164 - 2.796ms returns 0x00
T1C08 007:587.212 JLINK_ReadReg(XPSR)
T1C08 007:587.524 - 0.321ms returns 0x81000000
T1C08 007:598.238 JLINK_Close()
T1C08 007:598.636   OnDisconnectTarget() start
T1C08 007:598.652    J-Link Script File: Executing OnDisconnectTarget()
T1C08 007:598.663   Restoring low power mode settings.
T1C08 007:602.762   OnDisconnectTarget() end
T1C08 007:624.666 - 26.453ms
T1C08 007:624.696   
T1C08 007:624.701   Closed
